<?xml version="1.0" encoding="UTF-8"?>
<testng-results ignored="0" total="2" passed="1" failed="1" skipped="0">
  <reporter-output>
  </reporter-output>
  <suite started-at="2022-05-04T09:31:14 IST" name="Default suite" finished-at="2022-05-04T09:31:19 IST" duration-ms="5154">
    <groups>
    </groups>
    <test started-at="2022-05-04T09:31:14 IST" name="Default test" finished-at="2022-05-04T09:31:19 IST" duration-ms="5154">
      <class name="Test.LoginTest">
        <test-method is-config="true" signature="setReports()[pri:0, instance:Test.LoginTest@72e5a8e]" started-at="2022-05-04T09:31:14 IST" name="setReports" finished-at="2022-05-04T09:31:14 IST" duration-ms="186" status="PASS">
          <reporter-output>
          </reporter-output>
        </test-method> <!-- setReports -->
        <test-method is-config="true" signature="launchBrowser()[pri:0, instance:Test.LoginTest@72e5a8e]" started-at="2022-05-04T09:31:14 IST" name="launchBrowser" finished-at="2022-05-04T09:31:16 IST" duration-ms="1765" status="PASS">
          <reporter-output>
          </reporter-output>
        </test-method> <!-- launchBrowser -->
        <test-method signature="LoginWithValidCredentials()[pri:0, instance:Test.LoginTest@72e5a8e]" started-at="2022-05-04T09:31:16 IST" name="LoginWithValidCredentials" finished-at="2022-05-04T09:31:17 IST" duration-ms="900" status="FAIL">
          <exception class="java.lang.AssertionError">
            <message>
              <![CDATA[expected [true] but found [false]]]>
            </message>
            <full-stacktrace>
              <![CDATA[java.lang.AssertionError: expected [true] but found [false]
at org.testng.Assert.fail(Assert.java:110)
at org.testng.Assert.failNotEquals(Assert.java:1413)
at org.testng.Assert.assertTrue(Assert.java:56)
at org.testng.Assert.assertTrue(Assert.java:66)
at Test.LoginTest.LoginWithValidCredentials(LoginTest.java:66)
at java.base/jdk.internal.reflect.NativeMethodAccessorImpl.invoke0(Native Method)
at java.base/jdk.internal.reflect.NativeMethodAccessorImpl.invoke(NativeMethodAccessorImpl.java:77)
at java.base/jdk.internal.reflect.DelegatingMethodAccessorImpl.invoke(DelegatingMethodAccessorImpl.java:43)
at java.base/java.lang.reflect.Method.invoke(Method.java:568)
at org.testng.internal.invokers.MethodInvocationHelper.invokeMethod(MethodInvocationHelper.java:135)
at org.testng.internal.invokers.TestInvoker.invokeMethod(TestInvoker.java:673)
at org.testng.internal.invokers.TestInvoker.invokeTestMethod(TestInvoker.java:220)
at org.testng.internal.invokers.MethodRunner.runInSequence(MethodRunner.java:50)
at org.testng.internal.invokers.TestInvoker$MethodInvocationAgent.invoke(TestInvoker.java:945)
at org.testng.internal.invokers.TestInvoker.invokeTestMethods(TestInvoker.java:193)
at org.testng.internal.invokers.TestMethodWorker.invokeTestMethods(TestMethodWorker.java:146)
at org.testng.internal.invokers.TestMethodWorker.run(TestMethodWorker.java:128)
at java.base/java.util.ArrayList.forEach(ArrayList.java:1511)
at org.testng.TestRunner.privateRun(TestRunner.java:808)
at org.testng.TestRunner.run(TestRunner.java:603)
at org.testng.SuiteRunner.runTest(SuiteRunner.java:429)
at org.testng.SuiteRunner.runSequentially(SuiteRunner.java:423)
at org.testng.SuiteRunner.privateRun(SuiteRunner.java:383)
at org.testng.SuiteRunner.run(SuiteRunner.java:326)
at org.testng.SuiteRunnerWorker.runSuite(SuiteRunnerWorker.java:52)
at org.testng.SuiteRunnerWorker.run(SuiteRunnerWorker.java:95)
at org.testng.TestNG.runSuitesSequentially(TestNG.java:1249)
at org.testng.TestNG.runSuitesLocally(TestNG.java:1169)
at org.testng.TestNG.runSuites(TestNG.java:1092)
at org.testng.TestNG.run(TestNG.java:1060)
at org.testng.remote.AbstractRemoteTestNG.run(AbstractRemoteTestNG.java:115)
at org.testng.remote.RemoteTestNG.initAndRun(RemoteTestNG.java:251)
at org.testng.remote.RemoteTestNG.main(RemoteTestNG.java:77)
]]>
            </full-stacktrace>
          </exception> <!-- java.lang.AssertionError -->
          <reporter-output>
          </reporter-output>
        </test-method> <!-- LoginWithValidCredentials -->
        <test-method is-config="true" signature="catureResult(org.testng.ITestResult)[pri:0, instance:Test.LoginTest@72e5a8e]" started-at="2022-05-04T09:31:17 IST" name="catureResult" finished-at="2022-05-04T09:31:17 IST" duration-ms="7" status="PASS">
          <params>
            <param index="0">
              <value>
                <![CDATA[[TestResult name=LoginWithValidCredentials status=FAILURE method=LoginTest.LoginWithValidCredentials()[pri:0, instance:Test.LoginTest@72e5a8e] output={null}]]]>
              </value>
            </param>
          </params>
          <reporter-output>
          </reporter-output>
        </test-method> <!-- catureResult -->
        <test-method is-config="true" signature="launchBrowser()[pri:0, instance:Test.LoginTest@72e5a8e]" started-at="2022-05-04T09:31:17 IST" name="launchBrowser" finished-at="2022-05-04T09:31:18 IST" duration-ms="1093" status="PASS">
          <reporter-output>
          </reporter-output>
        </test-method> <!-- launchBrowser -->
        <test-method signature="signUpTest()[pri:0, instance:Test.LoginTest@72e5a8e]" started-at="2022-05-04T09:31:18 IST" name="signUpTest" finished-at="2022-05-04T09:31:19 IST" duration-ms="453" status="PASS">
          <reporter-output>
          </reporter-output>
        </test-method> <!-- signUpTest -->
        <test-method is-config="true" signature="catureResult(org.testng.ITestResult)[pri:0, instance:Test.LoginTest@72e5a8e]" started-at="2022-05-04T09:31:19 IST" name="catureResult" finished-at="2022-05-04T09:31:19 IST" duration-ms="0" status="PASS">
          <params>
            <param index="0">
              <value>
                <![CDATA[[TestResult name=signUpTest status=SUCCESS method=LoginTest.signUpTest()[pri:0, instance:Test.LoginTest@72e5a8e] output={null}]]]>
              </value>
            </param>
          </params>
          <reporter-output>
          </reporter-output>
        </test-method> <!-- catureResult -->
        <test-method is-config="true" signature="flushResults()[pri:0, instance:Test.LoginTest@72e5a8e]" started-at="2022-05-04T09:31:19 IST" name="flushResults" finished-at="2022-05-04T09:31:19 IST" duration-ms="224" status="PASS">
          <reporter-output>
          </reporter-output>
        </test-method> <!-- flushResults -->
      </class> <!-- Test.LoginTest -->
    </test> <!-- Default test -->
  </suite> <!-- Default suite -->
</testng-results>
